<?xml version="1.0" encoding="UTF-8" ?>
<testsuite tests="19" failures="0" name="org.huldra.math.BasicTest" time="0.323" errors="0" skipped="0">
  <properties>
[...]
</properties>
  <testcase classname="org.huldra.math.BasicTest" name="testDivAndRem" time="0.007"/>
  <testcase classname="org.huldra.math.BasicTest" name="constructorTest" time="0"/>
  <testcase classname="org.huldra.math.BasicTest" name="subTest" time="0"/>
  <testcase classname="org.huldra.math.BasicTest" name="testAnd" time="0.023"/>
  <testcase classname="org.huldra.math.BasicTest" name="testMod" time="0.009"/>
  <testcase classname="org.huldra.math.BasicTest" name="testNot" time="0.006"/>
  <testcase classname="org.huldra.math.BasicTest" name="testXor" time="0.008"/>
  <testcase classname="org.huldra.math.BasicTest" name="addTest" time="0.011"/>
  <testcase classname="org.huldra.math.BasicTest" name="testOr" time="0.009"/>
  <testcase classname="org.huldra.math.BasicTest" name="testLongAdd" time="0"/>
  <testcase classname="org.huldra.math.BasicTest" name="longDivTest" time="0.118"/>
  <testcase classname="org.huldra.math.BasicTest" name="testSetClearFlipTestBit" time="0.031"/>
  <testcase classname="org.huldra.math.BasicTest" name="testBitShifts" time="0"/>
  <testcase classname="org.huldra.math.BasicTest" name="remTest" time="0"/>
  <testcase classname="org.huldra.math.BasicTest" name="testAndNot" time="0.006"/>
  <testcase classname="org.huldra.math.BasicTest" name="mulTest" time="0.095"/>
  <testcase classname="org.huldra.math.BasicTest" name="testLongZeroAdd" time="0"/>
  <testcase classname="org.huldra.math.BasicTest" name="testLongCastInMul" time="0"/>
  <testcase classname="org.huldra.math.BasicTest" name="divTest" time="0"/>
</testsuite>